<?xml version="1.0" encoding="UTF-8"?>
<!-- Generated by org.testng.reporters.JUnitXMLReporter -->
<testsuite ignored="0" hostname="DESKTOP-GQRGP5O" failures="1" tests="1" name="delete address Test" time="151.1" errors="0" timestamp="2023-07-19T15:16:58 IST">
  <testcase classname="org.ecocrewFramework.DeleteAddressTest" name="deleteAddress" time="123.937">
    <failure type="org.openqa.selenium.StaleElementReferenceException" message="Cached elements &amp;apos;By.xpath: //android.widget.TextView[@content-desc=&amp;apos;ecocrew.MyAddressScreenAddressLabelText&amp;apos;]&amp;apos; do not exist in DOM anymore
For documentation on this error, please visit: https://www.selenium.dev/documentation/webdriver/troubleshooting/errors#stale-element-reference-exception
Build info: version: &amp;apos;4.10.0&amp;apos;, revision: &amp;apos;c14d967899&amp;apos;
System info: os.name: &amp;apos;Windows 11&amp;apos;, os.arch: &amp;apos;amd64&amp;apos;, os.version: &amp;apos;10.0&amp;apos;, java.version: &amp;apos;11.0.18&amp;apos;
Driver info: io.appium.java_client.android.AndroidDriver
Command: [59ed7c60-8426-4c69-b762-5f4318fa9683, getElementText {id=00000000-0000-0636-ffff-ffff000002f6}]
Capabilities {appium:app: D:\eco-workspace\EcocrewFra..., appium:appPackage: com.ecocrew.app.stage, appium:automationName: UIAutomator2, appium:databaseEnabled: false, appium:desired: {app: D:\eco-workspace\EcocrewFra..., automationName: UIAutomator2, platformName: ANDROID}, appium:deviceApiLevel: 31, appium:deviceManufacturer: Google, appium:deviceModel: sdk_gphone64_x86_64, appium:deviceName: emulator-5554, appium:deviceScreenDensity: 560, appium:deviceScreenSize: 1440x2880, appium:deviceUDID: emulator-5554, appium:javascriptEnabled: true, appium:locationContextEnabled: false, appium:networkConnectionEnabled: true, appium:pixelRatio: 3.5, appium:platformVersion: 12, appium:statBarHeight: 98, appium:takesScreenshot: true, appium:viewportRect: {height: 2614, left: 0, top: 98, width: 1440}, appium:warnings: {}, appium:webStorageEnabled: false, platformName: ANDROID}
Element: [[AndroidDriver:  on ANDROID (59ed7c60-8426-4c69-b762-5f4318fa9683)] -&amp;gt; xpath: //android.widget.TextView[@content-desc=&amp;apos;ecocrew.MyAddressScreenAddressLabelText&amp;apos;]]
Session ID: 59ed7c60-8426-4c69-b762-5f4318fa9683">
      <![CDATA[org.openqa.selenium.StaleElementReferenceException: Cached elements 'By.xpath: //android.widget.TextView[@content-desc='ecocrew.MyAddressScreenAddressLabelText']' do not exist in DOM anymore
For documentation on this error, please visit: https://www.selenium.dev/documentation/webdriver/troubleshooting/errors#stale-element-reference-exception
Build info: version: '4.10.0', revision: 'c14d967899'
System info: os.name: 'Windows 11', os.arch: 'amd64', os.version: '10.0', java.version: '11.0.18'
Driver info: io.appium.java_client.android.AndroidDriver
Command: [59ed7c60-8426-4c69-b762-5f4318fa9683, getElementText {id=00000000-0000-0636-ffff-ffff000002f6}]
Capabilities {appium:app: D:\eco-workspace\EcocrewFra..., appium:appPackage: com.ecocrew.app.stage, appium:automationName: UIAutomator2, appium:databaseEnabled: false, appium:desired: {app: D:\eco-workspace\EcocrewFra..., automationName: UIAutomator2, platformName: ANDROID}, appium:deviceApiLevel: 31, appium:deviceManufacturer: Google, appium:deviceModel: sdk_gphone64_x86_64, appium:deviceName: emulator-5554, appium:deviceScreenDensity: 560, appium:deviceScreenSize: 1440x2880, appium:deviceUDID: emulator-5554, appium:javascriptEnabled: true, appium:locationContextEnabled: false, appium:networkConnectionEnabled: true, appium:pixelRatio: 3.5, appium:platformVersion: 12, appium:statBarHeight: 98, appium:takesScreenshot: true, appium:viewportRect: {height: 2614, left: 0, top: 98, width: 1440}, appium:warnings: {}, appium:webStorageEnabled: false, platformName: ANDROID}
Element: [[AndroidDriver:  on ANDROID (59ed7c60-8426-4c69-b762-5f4318fa9683)] -> xpath: //android.widget.TextView[@content-desc='ecocrew.MyAddressScreenAddressLabelText']]
Session ID: 59ed7c60-8426-4c69-b762-5f4318fa9683
at org.openqa.selenium.remote.codec.w3c.W3CHttpResponseCodec.createException(W3CHttpResponseCodec.java:199)
at org.openqa.selenium.remote.codec.w3c.W3CHttpResponseCodec.decode(W3CHttpResponseCodec.java:132)
at org.openqa.selenium.remote.codec.w3c.W3CHttpResponseCodec.decode(W3CHttpResponseCodec.java:51)
at org.openqa.selenium.remote.HttpCommandExecutor.execute(HttpCommandExecutor.java:191)
at io.appium.java_client.remote.AppiumCommandExecutor.execute(AppiumCommandExecutor.java:250)
at org.openqa.selenium.remote.RemoteWebDriver.execute(RemoteWebDriver.java:531)
at org.openqa.selenium.remote.RemoteWebElement.execute(RemoteWebElement.java:242)
at org.openqa.selenium.remote.RemoteWebElement.getText(RemoteWebElement.java:192)
at org.ecocrew.pageobject.android.DeleteAddressPage.deleteButton(DeleteAddressPage.java:55)
at org.ecocrewFramework.DeleteAddressTest.deleteAddress(DeleteAddressTest.java:47)
at java.base/java.util.ArrayList.forEach(ArrayList.java:1541)
... Removed 31 stack frames]]>
    </failure>
  </testcase> <!-- deleteAddress -->
</testsuite> <!-- delete address Test -->
