<?xml version="1.0" encoding="UTF-8"?>
<!-- Generated by org.testng.reporters.JUnitXMLReporter -->
<testsuite ignored="0" hostname="DESKTOP-GQRGP5O" failures="0" tests="3" name="Error Validation Test" time="150.361" errors="0" timestamp="2023-07-11T15:36:54 IST">
  <testcase classname="org.ecocrewFramework.ErrorValidationTest" name="loginErrorValidation" time="22.933"/>
  <testcase classname="org.ecocrewFramework.ErrorValidationTest" name="otpErrorValidation" time="22.474"/>
  <testcase classname="org.ecocrewFramework.ErrorValidationTest" name="profileScreenValidation" time="64.612"/>
</testsuite> <!-- Error Validation Test -->
