<?xml version="1.0" encoding="UTF-8"?>
<!-- Generated by org.testng.reporters.JUnitXMLReporter -->
<testsuite ignored="0" hostname="DESKTOP-GQRGP5O" failures="2" tests="2" name="New User compelete profile Test" time="176.709" errors="0" timestamp="2023-07-15T12:22:25 IST">
  <testcase classname="org.ecocrewFramework.NewUserLoginCompleteProfileTest" name="loginCompleteProfile" time="112.798">
    <failure type="org.openqa.selenium.StaleElementReferenceException" message="The element &amp;apos;By.xpath: //android.view.ViewGroup[@content-desc=&amp;apos;ecocrew.EcoCoinViewGoToLedger&amp;apos;]/android.widget.TextView&amp;apos; is not linked to the same object in DOM anymore
For documentation on this error, please visit: https://www.selenium.dev/documentation/webdriver/troubleshooting/errors#stale-element-reference-exception
Build info: version: &amp;apos;4.10.0&amp;apos;, revision: &amp;apos;c14d967899&amp;apos;
System info: os.name: &amp;apos;Windows 11&amp;apos;, os.arch: &amp;apos;amd64&amp;apos;, os.version: &amp;apos;10.0&amp;apos;, java.version: &amp;apos;11.0.18&amp;apos;
Driver info: io.appium.java_client.android.AndroidDriver
Command: [f04bb8cf-dbe7-4527-94c2-f5f79a8eb684, getElementText {id=00000000-0000-009a-ffff-ffff00000350}]
Capabilities {appium:app: D:\eco-workspace\EcocrewFra..., appium:appPackage: com.ecocrew.app.sit, appium:automationName: UIAutomator2, appium:databaseEnabled: false, appium:desired: {app: D:\eco-workspace\EcocrewFra..., automationName: UIAutomator2, platformName: ANDROID}, appium:deviceApiLevel: 31, appium:deviceManufacturer: Google, appium:deviceModel: sdk_gphone64_x86_64, appium:deviceName: emulator-5554, appium:deviceScreenDensity: 560, appium:deviceScreenSize: 1440x2880, appium:deviceUDID: emulator-5554, appium:javascriptEnabled: true, appium:locationContextEnabled: false, appium:networkConnectionEnabled: true, appium:pixelRatio: 3.5, appium:platformVersion: 12, appium:statBarHeight: 98, appium:takesScreenshot: true, appium:viewportRect: {height: 2614, left: 0, top: 98, width: 1440}, appium:warnings: {}, appium:webStorageEnabled: false, platformName: ANDROID}
Element: [[AndroidDriver:  on ANDROID (f04bb8cf-dbe7-4527-94c2-f5f79a8eb684)] -&amp;gt; xpath: //android.view.ViewGroup[@content-desc=&amp;apos;ecocrew.EcoCoinViewGoToLedger&amp;apos;]/android.widget.TextView]
Session ID: f04bb8cf-dbe7-4527-94c2-f5f79a8eb684">
      <![CDATA[org.openqa.selenium.StaleElementReferenceException: The element 'By.xpath: //android.view.ViewGroup[@content-desc='ecocrew.EcoCoinViewGoToLedger']/android.widget.TextView' is not linked to the same object in DOM anymore
For documentation on this error, please visit: https://www.selenium.dev/documentation/webdriver/troubleshooting/errors#stale-element-reference-exception
Build info: version: '4.10.0', revision: 'c14d967899'
System info: os.name: 'Windows 11', os.arch: 'amd64', os.version: '10.0', java.version: '11.0.18'
Driver info: io.appium.java_client.android.AndroidDriver
Command: [f04bb8cf-dbe7-4527-94c2-f5f79a8eb684, getElementText {id=00000000-0000-009a-ffff-ffff00000350}]
Capabilities {appium:app: D:\eco-workspace\EcocrewFra..., appium:appPackage: com.ecocrew.app.sit, appium:automationName: UIAutomator2, appium:databaseEnabled: false, appium:desired: {app: D:\eco-workspace\EcocrewFra..., automationName: UIAutomator2, platformName: ANDROID}, appium:deviceApiLevel: 31, appium:deviceManufacturer: Google, appium:deviceModel: sdk_gphone64_x86_64, appium:deviceName: emulator-5554, appium:deviceScreenDensity: 560, appium:deviceScreenSize: 1440x2880, appium:deviceUDID: emulator-5554, appium:javascriptEnabled: true, appium:locationContextEnabled: false, appium:networkConnectionEnabled: true, appium:pixelRatio: 3.5, appium:platformVersion: 12, appium:statBarHeight: 98, appium:takesScreenshot: true, appium:viewportRect: {height: 2614, left: 0, top: 98, width: 1440}, appium:warnings: {}, appium:webStorageEnabled: false, platformName: ANDROID}
Element: [[AndroidDriver:  on ANDROID (f04bb8cf-dbe7-4527-94c2-f5f79a8eb684)] -> xpath: //android.view.ViewGroup[@content-desc='ecocrew.EcoCoinViewGoToLedger']/android.widget.TextView]
Session ID: f04bb8cf-dbe7-4527-94c2-f5f79a8eb684
at org.openqa.selenium.remote.codec.w3c.W3CHttpResponseCodec.createException(W3CHttpResponseCodec.java:199)
at org.openqa.selenium.remote.codec.w3c.W3CHttpResponseCodec.decode(W3CHttpResponseCodec.java:132)
at org.openqa.selenium.remote.codec.w3c.W3CHttpResponseCodec.decode(W3CHttpResponseCodec.java:51)
at org.openqa.selenium.remote.HttpCommandExecutor.execute(HttpCommandExecutor.java:191)
at io.appium.java_client.remote.AppiumCommandExecutor.execute(AppiumCommandExecutor.java:250)
at org.openqa.selenium.remote.RemoteWebDriver.execute(RemoteWebDriver.java:531)
at org.openqa.selenium.remote.RemoteWebElement.execute(RemoteWebElement.java:242)
at org.openqa.selenium.remote.RemoteWebElement.getText(RemoteWebElement.java:192)
at io.appium.java_client.pagefactory.ElementInterceptor.getObject(ElementInterceptor.java:40)
at io.appium.java_client.pagefactory.interceptors.InterceptorOfASingleElement.intercept(InterceptorOfASingleElement.java:60)
at org.openqa.selenium.remote.RemoteWebElement$$EnhancerByCGLIB$$d27c0df4.getText(<generated>)
at org.ecocrew.pageobject.android.ProfilePage.verfiyfiftyecocoins(ProfilePage.java:147)
at org.ecocrewFramework.NewUserLoginCompleteProfileTest.loginCompleteProfile(NewUserLoginCompleteProfileTest.java:39)
at java.base/java.util.ArrayList.forEach(ArrayList.java:1541)
... Removed 35 stack frames]]>
    </failure>
  </testcase> <!-- loginCompleteProfile -->
  <testcase classname="org.ecocrewFramework.NewUserLoginCompleteProfileTest" name="loginCompleteProfile" time="32.399">
    <failure type="org.openqa.selenium.NoSuchElementException" message="Can&amp;apos;t locate an element by this strategy: By.chained({By.xpath: //android.view.ViewGroup[@content-desc=&amp;apos;ecocrew.walk1&amp;apos;]})">
      <![CDATA[org.openqa.selenium.NoSuchElementException: Can't locate an element by this strategy: By.chained({By.xpath: //android.view.ViewGroup[@content-desc='ecocrew.walk1']})
at io.appium.java_client.pagefactory.AppiumElementLocator.findElement(AppiumElementLocator.java:125)
at io.appium.java_client.pagefactory.interceptors.InterceptorOfASingleElement.intercept(InterceptorOfASingleElement.java:59)
at org.openqa.selenium.remote.RemoteWebElement$$EnhancerByCGLIB$$d27c0df4.click(<generated>)
at org.ecocrew.pageobject.android.NewUserLoginPage.welcomeScreens(NewUserLoginPage.java:68)
at org.ecocrewFramework.NewUserLoginCompleteProfileTest.loginCompleteProfile(NewUserLoginCompleteProfileTest.java:25)
at java.base/java.util.ArrayList.forEach(ArrayList.java:1541)
Caused by: org.openqa.selenium.TimeoutException: Expected condition failed: waiting for io.appium.java_client.pagefactory.AppiumElementLocator$WaitingFunction@44fdce3c (tried for 1 second(s) with 500 milliseconds interval)
at org.openqa.selenium.support.ui.FluentWait.timeoutException(FluentWait.java:262)
at org.openqa.selenium.support.ui.FluentWait.until(FluentWait.java:230)
at io.appium.java_client.pagefactory.AppiumElementLocator.waitFor(AppiumElementLocator.java:98)
at io.appium.java_client.pagefactory.AppiumElementLocator.findElement(AppiumElementLocator.java:118)
... 32 more
Caused by: org.openqa.selenium.NoSuchElementException: Cannot locate an element using By.chained({By.xpath: //android.view.ViewGroup[@content-desc='ecocrew.walk1']})
For documentation on this error, please visit: https://www.selenium.dev/documentation/webdriver/troubleshooting/errors#no-such-element-exception
Build info: version: '4.10.0', revision: 'c14d967899'
System info: os.name: 'Windows 11', os.arch: 'amd64', os.version: '10.0', java.version: '11.0.18'
Driver info: driver.version: RemoteWebDriver
at io.appium.java_client.pagefactory.bys.builder.ByChained.findElement(ByChained.java:77)
at org.openqa.selenium.remote.ElementLocation$ElementFinder$1.findElement(ElementLocation.java:139)
at org.openqa.selenium.remote.ElementLocation.findElement(ElementLocation.java:59)
at org.openqa.selenium.remote.RemoteWebDriver.findElement(RemoteWebDriver.java:350)
at org.openqa.selenium.remote.RemoteWebDriver.findElement(RemoteWebDriver.java:344)
at io.appium.java_client.pagefactory.bys.ContentMappedBy.findElement(ContentMappedBy.java:50)
at org.openqa.selenium.remote.ElementLocation$ElementFinder$1.findElement(ElementLocation.java:139)
at org.openqa.selenium.remote.ElementLocation.findElement(ElementLocation.java:59)
at org.openqa.selenium.remote.RemoteWebDriver.findElement(RemoteWebDriver.java:350)
at org.openqa.selenium.remote.RemoteWebDriver.findElement(RemoteWebDriver.java:344)
at io.appium.java_client.pagefactory.AppiumElementLocator.lambda$findElement$0(AppiumElementLocator.java:119)
at io.appium.java_client.pagefactory.AppiumElementLocator$WaitingFunction.apply(AppiumElementLocator.java:171)
at io.appium.java_client.pagefactory.AppiumElementLocator$WaitingFunction.apply(AppiumElementLocator.java:164)
at org.openqa.selenium.support.ui.FluentWait.until(FluentWait.java:205)
... 34 more
... Removed 27 stack frames]]>
    </failure>
  </testcase> <!-- loginCompleteProfile -->
</testsuite> <!-- New User compelete profile Test -->
