<?xml version="1.0" encoding="UTF-8"?>
<!-- Generated by org.testng.reporters.JUnitXMLReporter -->
<testsuite ignored="0" hostname="DESKTOP-GQRGP5O" failures="1" tests="1" name="New User raise request Test" time="150.187" errors="0" timestamp="2023-07-13T12:08:54 IST">
  <testcase classname="org.ecocrewFramework.RaisePickupRequestTest" name="raisePickupRequest" time="108.561">
    <failure type="org.openqa.selenium.WebDriverException" message="org.openqa.selenium.WebDriverException: An unknown server-side error occurred while processing the command. Original error: Timed out after 13169ms waiting for the root AccessibilityNodeInfo in the active window. Make sure the active window is not constantly hogging the main UI thread (e.g. the application is being idle long enough), so the accessibility manager could do its work. Try changing the &amp;apos;enforceXPath1&amp;apos; driver setting to &amp;apos;true&amp;apos; in order to workaround the problem.
Build info: version: &amp;apos;4.10.0&amp;apos;, revision: &amp;apos;c14d967899&amp;apos;
System info: os.name: &amp;apos;Windows 11&amp;apos;, os.arch: &amp;apos;amd64&amp;apos;, os.version: &amp;apos;10.0&amp;apos;, java.version: &amp;apos;11.0.18&amp;apos;
Driver info: io.appium.java_client.android.AndroidDriver
Command: [38745e4e-e0a7-4db3-8783-a8a7e42d0ea2, findElements {using=xpath, value=//android.widget.FrameLayout[@resource-id=&amp;apos;com.google.android.documentsui:id/icon&amp;apos;]}]
Capabilities {appium:app: D:\eco-workspace\EcocrewFra..., appium:appPackage: com.ecocrew.app.sit, appium:automationName: UIAutomator2, appium:databaseEnabled: false, appium:desired: {app: D:\eco-workspace\EcocrewFra..., automationName: UIAutomator2, platformName: ANDROID}, appium:deviceApiLevel: 31, appium:deviceManufacturer: Google, appium:deviceModel: sdk_gphone64_x86_64, appium:deviceName: emulator-5554, appium:deviceScreenDensity: 560, appium:deviceScreenSize: 1440x2880, appium:deviceUDID: emulator-5554, appium:javascriptEnabled: true, appium:locationContextEnabled: false, appium:networkConnectionEnabled: true, appium:pixelRatio: 3.5, appium:platformVersion: 12, appium:statBarHeight: 98, appium:takesScreenshot: true, appium:viewportRect: {height: 2614, left: 0, top: 98, width: 1440}, appium:warnings: {}, appium:webStorageEnabled: false, platformName: ANDROID}
Session ID: 38745e4e-e0a7-4db3-8783-a8a7e42d0ea2">
      <![CDATA[org.openqa.selenium.WebDriverException: org.openqa.selenium.WebDriverException: An unknown server-side error occurred while processing the command. Original error: Timed out after 13169ms waiting for the root AccessibilityNodeInfo in the active window. Make sure the active window is not constantly hogging the main UI thread (e.g. the application is being idle long enough), so the accessibility manager could do its work. Try changing the 'enforceXPath1' driver setting to 'true' in order to workaround the problem.
Build info: version: '4.10.0', revision: 'c14d967899'
System info: os.name: 'Windows 11', os.arch: 'amd64', os.version: '10.0', java.version: '11.0.18'
Driver info: io.appium.java_client.android.AndroidDriver
Command: [38745e4e-e0a7-4db3-8783-a8a7e42d0ea2, findElements {using=xpath, value=//android.widget.FrameLayout[@resource-id='com.google.android.documentsui:id/icon']}]
Capabilities {appium:app: D:\eco-workspace\EcocrewFra..., appium:appPackage: com.ecocrew.app.sit, appium:automationName: UIAutomator2, appium:databaseEnabled: false, appium:desired: {app: D:\eco-workspace\EcocrewFra..., automationName: UIAutomator2, platformName: ANDROID}, appium:deviceApiLevel: 31, appium:deviceManufacturer: Google, appium:deviceModel: sdk_gphone64_x86_64, appium:deviceName: emulator-5554, appium:deviceScreenDensity: 560, appium:deviceScreenSize: 1440x2880, appium:deviceUDID: emulator-5554, appium:javascriptEnabled: true, appium:locationContextEnabled: false, appium:networkConnectionEnabled: true, appium:pixelRatio: 3.5, appium:platformVersion: 12, appium:statBarHeight: 98, appium:takesScreenshot: true, appium:viewportRect: {height: 2614, left: 0, top: 98, width: 1440}, appium:warnings: {}, appium:webStorageEnabled: false, platformName: ANDROID}
Session ID: 38745e4e-e0a7-4db3-8783-a8a7e42d0ea2
at io.appium.java_client.pagefactory.AppiumElementLocator$WaitingFunction.apply(AppiumElementLocator.java:191)
at io.appium.java_client.pagefactory.AppiumElementLocator$WaitingFunction.apply(AppiumElementLocator.java:164)
at org.openqa.selenium.support.ui.FluentWait.until(FluentWait.java:205)
at io.appium.java_client.pagefactory.AppiumElementLocator.waitFor(AppiumElementLocator.java:98)
at io.appium.java_client.pagefactory.AppiumElementLocator.findElements(AppiumElementLocator.java:139)
at io.appium.java_client.pagefactory.interceptors.InterceptorOfAListOfElements.intercept(InterceptorOfAListOfElements.java:48)
at $java.util.ArrayList$$EnhancerByCGLIB$$b5855c01.size(<generated>)
at org.ecocrew.pageobject.android.RaisePickupRequestPage.openCameraNewUser(RaisePickupRequestPage.java:73)
at org.ecocrewFramework.RaisePickupRequestTest.raisePickupRequest(RaisePickupRequestTest.java:35)
at java.base/java.util.ArrayList.forEach(ArrayList.java:1541)
Caused by: org.openqa.selenium.WebDriverException: An unknown server-side error occurred while processing the command. Original error: Timed out after 13169ms waiting for the root AccessibilityNodeInfo in the active window. Make sure the active window is not constantly hogging the main UI thread (e.g. the application is being idle long enough), so the accessibility manager could do its work. Try changing the 'enforceXPath1' driver setting to 'true' in order to workaround the problem.
Build info: version: '4.10.0', revision: 'c14d967899'
System info: os.name: 'Windows 11', os.arch: 'amd64', os.version: '10.0', java.version: '11.0.18'
Driver info: io.appium.java_client.android.AndroidDriver
Command: [38745e4e-e0a7-4db3-8783-a8a7e42d0ea2, findElements {using=xpath, value=//android.widget.FrameLayout[@resource-id='com.google.android.documentsui:id/icon']}]
Capabilities {appium:app: D:\eco-workspace\EcocrewFra..., appium:appPackage: com.ecocrew.app.sit, appium:automationName: UIAutomator2, appium:databaseEnabled: false, appium:desired: {app: D:\eco-workspace\EcocrewFra..., automationName: UIAutomator2, platformName: ANDROID}, appium:deviceApiLevel: 31, appium:deviceManufacturer: Google, appium:deviceModel: sdk_gphone64_x86_64, appium:deviceName: emulator-5554, appium:deviceScreenDensity: 560, appium:deviceScreenSize: 1440x2880, appium:deviceUDID: emulator-5554, appium:javascriptEnabled: true, appium:locationContextEnabled: false, appium:networkConnectionEnabled: true, appium:pixelRatio: 3.5, appium:platformVersion: 12, appium:statBarHeight: 98, appium:takesScreenshot: true, appium:viewportRect: {height: 2614, left: 0, top: 98, width: 1440}, appium:warnings: {}, appium:webStorageEnabled: false, platformName: ANDROID}
Session ID: 38745e4e-e0a7-4db3-8783-a8a7e42d0ea2
at org.openqa.selenium.remote.codec.w3c.W3CHttpResponseCodec.createException(W3CHttpResponseCodec.java:199)
at org.openqa.selenium.remote.codec.w3c.W3CHttpResponseCodec.decode(W3CHttpResponseCodec.java:132)
at org.openqa.selenium.remote.codec.w3c.W3CHttpResponseCodec.decode(W3CHttpResponseCodec.java:51)
at org.openqa.selenium.remote.HttpCommandExecutor.execute(HttpCommandExecutor.java:191)
at io.appium.java_client.remote.AppiumCommandExecutor.execute(AppiumCommandExecutor.java:250)
at org.openqa.selenium.remote.RemoteWebDriver.execute(RemoteWebDriver.java:531)
at org.openqa.selenium.remote.ElementLocation$ElementFinder$2.findElements(ElementLocation.java:182)
at org.openqa.selenium.remote.ElementLocation.findElements(ElementLocation.java:103)
at org.openqa.selenium.remote.RemoteWebDriver.findElements(RemoteWebDriver.java:363)
at org.openqa.selenium.remote.RemoteWebDriver.findElements(RemoteWebDriver.java:357)
at org.openqa.selenium.By$BaseW3CLocator.findElements(By.java:403)
at org.openqa.selenium.By$ByXPath.findElements(By.java:277)
at org.openqa.selenium.support.pagefactory.ByChained.findElements(ByChained.java:65)
at org.openqa.selenium.remote.ElementLocation$ElementFinder$1.findElements(ElementLocation.java:149)
at org.openqa.selenium.remote.ElementLocation.findElements(ElementLocation.java:103)
at org.openqa.selenium.remote.RemoteWebDriver.findElements(RemoteWebDriver.java:363)
at org.openqa.selenium.remote.RemoteWebDriver.findElements(RemoteWebDriver.java:357)
at io.appium.java_client.pagefactory.bys.ContentMappedBy.findElements(ContentMappedBy.java:54)
at org.openqa.selenium.remote.ElementLocation$ElementFinder$1.findElements(ElementLocation.java:149)
at org.openqa.selenium.remote.ElementLocation.findElements(ElementLocation.java:103)
at org.openqa.selenium.remote.RemoteWebDriver.findElements(RemoteWebDriver.java:363)
at org.openqa.selenium.remote.RemoteWebDriver.findElements(RemoteWebDriver.java:357)
at io.appium.java_client.pagefactory.AppiumElementLocator.lambda$findElements$1(AppiumElementLocator.java:141)
at io.appium.java_client.pagefactory.AppiumElementLocator$WaitingFunction.apply(AppiumElementLocator.java:171)
... 36 more
... Removed 31 stack frames]]>
    </failure>
  </testcase> <!-- raisePickupRequest -->
</testsuite> <!-- New User raise request Test -->
