<?xml version="1.0" encoding="UTF-8"?>
<!-- Generated by org.testng.reporters.JUnitXMLReporter -->
<testsuite ignored="0" hostname="DESKTOP-GQRGP5O" failures="1" tests="1" name="Pickup Address Error Validation Test" time="134.591" errors="0" timestamp="2023-07-11T15:39:09 IST">
  <testcase classname="org.ecocrewFramework.pickupAddressErrorValidationTest" name="addressErrorValidation" time="103.709">
    <failure type="java.lang.IndexOutOfBoundsException" message="Index 2 out of bounds for length 2">
      <![CDATA[java.lang.IndexOutOfBoundsException: Index 2 out of bounds for length 2
at java.base/jdk.internal.util.Preconditions.outOfBounds(Preconditions.java:64)
at java.base/jdk.internal.util.Preconditions.outOfBoundsCheckIndex(Preconditions.java:70)
at java.base/jdk.internal.util.Preconditions.checkIndex(Preconditions.java:248)
at java.base/java.util.Objects.checkIndex(Objects.java:372)
at java.base/java.util.ArrayList.get(ArrayList.java:459)
at io.appium.java_client.pagefactory.ElementListInterceptor.getObject(ElementListInterceptor.java:40)
at io.appium.java_client.pagefactory.interceptors.InterceptorOfAListOfElements.intercept(InterceptorOfAListOfElements.java:49)
at $java.util.ArrayList$$EnhancerByCGLIB$$b5855c01.get(<generated>)
at org.ecocrew.pageobject.android.RaiseContributionRequestPage.SelectTimeSlot(RaiseContributionRequestPage.java:140)
at org.ecocrewFramework.pickupAddressErrorValidationTest.addressErrorValidation(pickupAddressErrorValidationTest.java:30)
at java.base/java.util.ArrayList.forEach(ArrayList.java:1541)
... Removed 31 stack frames]]>
    </failure>
  </testcase> <!-- addressErrorValidation -->
</testsuite> <!-- Pickup Address Error Validation Test -->
