<?xml version="1.0" encoding="UTF-8"?>
<!-- Generated by org.testng.reporters.JUnitXMLReporter -->
<testsuite ignored="13" hostname="DESKTOP-GQRGP5O" failures="0" tests="4" name="Test" time="306.171" errors="0" timestamp="2023-07-26T12:02:54 IST">
  <testcase classname="org.ecocrewFramework.NewUserLoginCompleteProfileTest" name="loginCompleteProfile" time="55.775"/>
  <testcase classname="org.ecocrewFramework.ErrorValidationTest" name="loginErrorValidation" time="13.304"/>
  <testcase classname="org.ecocrewFramework.RegisterYourBusinessTest" name="registerYourBusiness" time="81.655"/>
  <testcase classname="org.ecocrewFramework.RaisePickupRequestTest" name="raisePickupRequest" time="99.96"/>
  <testcase classname="org.ecocrewFramework.RaiseContributionErrorValidationTest" name="raiseContributionTimeError" time="0.0">
    <ignored/>
  </testcase> <!-- raiseContributionTimeError -->
  <testcase classname="org.ecocrewFramework.ErrorValidationTest" name="profileScreenValidation" time="0.0">
    <ignored/>
  </testcase> <!-- profileScreenValidation -->
  <testcase classname="org.ecocrewFramework.AccountSettingTest" name="accountSetting" time="0.0">
    <ignored/>
  </testcase> <!-- accountSetting -->
  <testcase classname="org.ecocrewFramework.RaiseContributionErrorValidationTest" name="moneyAcceptanceErrorValidation" time="0.0">
    <ignored/>
  </testcase> <!-- moneyAcceptanceErrorValidation -->
  <testcase classname="org.ecocrewFramework.RaiseContributionErrorValidationTest" name="pickupAddressErrorValidation" time="0.0">
    <ignored/>
  </testcase> <!-- pickupAddressErrorValidation -->
  <testcase classname="org.ecocrewFramework.DeleteAddressTest" name="deleteAddress" time="0.0">
    <ignored/>
  </testcase> <!-- deleteAddress -->
  <testcase classname="org.ecocrewFramework.savedAddressesTest" name="useThisAddress" time="0.0">
    <ignored/>
  </testcase> <!-- useThisAddress -->
  <testcase classname="org.ecocrewFramework.ErrorValidationTest" name="otpErrorValidation" time="0.0">
    <ignored/>
  </testcase> <!-- otpErrorValidation -->
  <testcase classname="org.ecocrewFramework.NewUserLoginIncompleteProfileTest" name="loginInCompleteProfile" time="0.0">
    <ignored/>
  </testcase> <!-- loginInCompleteProfile -->
  <testcase classname="org.ecocrewFramework.EditAddressTest" name="EditAddressHome" time="0.0">
    <ignored/>
  </testcase> <!-- EditAddressHome -->
  <testcase classname="org.ecocrewFramework.RaiseContributionErrorValidationTest" name="raiseContributionDateError" time="0.0">
    <ignored/>
  </testcase> <!-- raiseContributionDateError -->
  <testcase classname="org.ecocrewFramework.DiscardProfileTest" name="discardProfile" time="0.0">
    <ignored/>
  </testcase> <!-- discardProfile -->
  <testcase classname="org.ecocrewFramework.ExistingUserTest" name="login" time="0.0">
    <ignored/>
  </testcase> <!-- login -->
</testsuite> <!-- Test -->
