<?xml version="1.0" encoding="UTF-8"?>
<!-- Generated by org.testng.reporters.JUnitXMLReporter -->
<testsuite ignored="13" hostname="DESKTOP-GQRGP5O" failures="1" tests="4" name="Test" time="307.732" errors="0" timestamp="2023-07-25T10:12:28 IST">
  <testcase classname="org.ecocrewFramework.NewUserLoginCompleteProfileTest" name="loginCompleteProfile" time="51.319">
    <failure type="org.openqa.selenium.StaleElementReferenceException" message="The element &amp;apos;By.xpath: //android.view.ViewGroup[@content-desc=&amp;apos;ecocrew.EcoCoinViewGoToLedger&amp;apos;]/android.widget.TextView&amp;apos; is not linked to the same object in DOM anymore
For documentation on this error, please visit: https://www.selenium.dev/documentation/webdriver/troubleshooting/errors#stale-element-reference-exception
Build info: version: &amp;apos;4.10.0&amp;apos;, revision: &amp;apos;c14d967899&amp;apos;
System info: os.name: &amp;apos;Windows 11&amp;apos;, os.arch: &amp;apos;amd64&amp;apos;, os.version: &amp;apos;10.0&amp;apos;, java.version: &amp;apos;11.0.18&amp;apos;
Driver info: io.appium.java_client.android.AndroidDriver
Command: [b5d0eae0-4723-4883-8478-d44a643b5ce3, getElementText {id=00000000-0000-0402-ffff-ffff00000357}]
Capabilities {appium:app: D:\eco-workspace\EcocrewFra..., appium:appPackage: com.ecocrew.app.sit, appium:automationName: UIAutomator2, appium:databaseEnabled: false, appium:desired: {app: D:\eco-workspace\EcocrewFra..., automationName: UIAutomator2, platformName: ANDROID}, appium:deviceApiLevel: 30, appium:deviceManufacturer: samsung, appium:deviceModel: SM-A305F, appium:deviceName: RZ8M31TM5PJ, appium:deviceScreenDensity: 420, appium:deviceScreenSize: 1080x2340, appium:deviceUDID: RZ8M31TM5PJ, appium:javascriptEnabled: true, appium:locationContextEnabled: false, appium:networkConnectionEnabled: true, appium:pixelRatio: 2.625, appium:platformVersion: 11, appium:statBarHeight: 83, appium:takesScreenshot: true, appium:viewportRect: {height: 2048, left: 0, top: 83, width: 1080}, appium:warnings: {}, appium:webStorageEnabled: false, platformName: ANDROID}
Element: [[AndroidDriver:  on ANDROID (b5d0eae0-4723-4883-8478-d44a643b5ce3)] -&amp;gt; xpath: //android.view.ViewGroup[@content-desc=&amp;apos;ecocrew.EcoCoinViewGoToLedger&amp;apos;]/android.widget.TextView]
Session ID: b5d0eae0-4723-4883-8478-d44a643b5ce3">
      <![CDATA[org.openqa.selenium.StaleElementReferenceException: The element 'By.xpath: //android.view.ViewGroup[@content-desc='ecocrew.EcoCoinViewGoToLedger']/android.widget.TextView' is not linked to the same object in DOM anymore
For documentation on this error, please visit: https://www.selenium.dev/documentation/webdriver/troubleshooting/errors#stale-element-reference-exception
Build info: version: '4.10.0', revision: 'c14d967899'
System info: os.name: 'Windows 11', os.arch: 'amd64', os.version: '10.0', java.version: '11.0.18'
Driver info: io.appium.java_client.android.AndroidDriver
Command: [b5d0eae0-4723-4883-8478-d44a643b5ce3, getElementText {id=00000000-0000-0402-ffff-ffff00000357}]
Capabilities {appium:app: D:\eco-workspace\EcocrewFra..., appium:appPackage: com.ecocrew.app.sit, appium:automationName: UIAutomator2, appium:databaseEnabled: false, appium:desired: {app: D:\eco-workspace\EcocrewFra..., automationName: UIAutomator2, platformName: ANDROID}, appium:deviceApiLevel: 30, appium:deviceManufacturer: samsung, appium:deviceModel: SM-A305F, appium:deviceName: RZ8M31TM5PJ, appium:deviceScreenDensity: 420, appium:deviceScreenSize: 1080x2340, appium:deviceUDID: RZ8M31TM5PJ, appium:javascriptEnabled: true, appium:locationContextEnabled: false, appium:networkConnectionEnabled: true, appium:pixelRatio: 2.625, appium:platformVersion: 11, appium:statBarHeight: 83, appium:takesScreenshot: true, appium:viewportRect: {height: 2048, left: 0, top: 83, width: 1080}, appium:warnings: {}, appium:webStorageEnabled: false, platformName: ANDROID}
Element: [[AndroidDriver:  on ANDROID (b5d0eae0-4723-4883-8478-d44a643b5ce3)] -> xpath: //android.view.ViewGroup[@content-desc='ecocrew.EcoCoinViewGoToLedger']/android.widget.TextView]
Session ID: b5d0eae0-4723-4883-8478-d44a643b5ce3
at org.openqa.selenium.remote.codec.w3c.W3CHttpResponseCodec.createException(W3CHttpResponseCodec.java:199)
at org.openqa.selenium.remote.codec.w3c.W3CHttpResponseCodec.decode(W3CHttpResponseCodec.java:132)
at org.openqa.selenium.remote.codec.w3c.W3CHttpResponseCodec.decode(W3CHttpResponseCodec.java:51)
at org.openqa.selenium.remote.HttpCommandExecutor.execute(HttpCommandExecutor.java:191)
at io.appium.java_client.remote.AppiumCommandExecutor.execute(AppiumCommandExecutor.java:250)
at org.openqa.selenium.remote.RemoteWebDriver.execute(RemoteWebDriver.java:531)
at org.openqa.selenium.remote.RemoteWebElement.execute(RemoteWebElement.java:242)
at org.openqa.selenium.remote.RemoteWebElement.getText(RemoteWebElement.java:192)
at io.appium.java_client.pagefactory.ElementInterceptor.getObject(ElementInterceptor.java:40)
at io.appium.java_client.pagefactory.interceptors.InterceptorOfASingleElement.intercept(InterceptorOfASingleElement.java:60)
at org.openqa.selenium.remote.RemoteWebElement$$EnhancerByCGLIB$$d27c0df4.getText(<generated>)
at org.ecocrew.pageobject.android.ProfilePage.verfiyfiftyecocoins(ProfilePage.java:187)
at org.ecocrewFramework.NewUserLoginCompleteProfileTest.loginCompleteProfile(NewUserLoginCompleteProfileTest.java:43)
at java.base/java.util.ArrayList.forEach(ArrayList.java:1541)
... Removed 35 stack frames]]>
    </failure>
  </testcase> <!-- loginCompleteProfile -->
  <testcase classname="org.ecocrewFramework.ErrorValidationTest" name="loginErrorValidation" time="13.074"/>
  <testcase classname="org.ecocrewFramework.RegisterYourBusinessTest" name="registerYourBusiness" time="80.372"/>
  <testcase classname="org.ecocrewFramework.RaisePickupRequestTest" name="raisePickupRequest" time="99.85"/>
  <testcase classname="org.ecocrewFramework.RaiseContributionErrorValidationTest" name="raiseContributionTimeError" time="0.0">
    <ignored/>
  </testcase> <!-- raiseContributionTimeError -->
  <testcase classname="org.ecocrewFramework.ErrorValidationTest" name="profileScreenValidation" time="0.0">
    <ignored/>
  </testcase> <!-- profileScreenValidation -->
  <testcase classname="org.ecocrewFramework.AccountSettingTest" name="accountSetting" time="0.0">
    <ignored/>
  </testcase> <!-- accountSetting -->
  <testcase classname="org.ecocrewFramework.RaiseContributionErrorValidationTest" name="moneyAcceptanceErrorValidation" time="0.0">
    <ignored/>
  </testcase> <!-- moneyAcceptanceErrorValidation -->
  <testcase classname="org.ecocrewFramework.RaiseContributionErrorValidationTest" name="pickupAddressErrorValidation" time="0.0">
    <ignored/>
  </testcase> <!-- pickupAddressErrorValidation -->
  <testcase classname="org.ecocrewFramework.DeleteAddressTest" name="deleteAddress" time="0.0">
    <ignored/>
  </testcase> <!-- deleteAddress -->
  <testcase classname="org.ecocrewFramework.savedAddressesTest" name="useThisAddress" time="0.0">
    <ignored/>
  </testcase> <!-- useThisAddress -->
  <testcase classname="org.ecocrewFramework.ErrorValidationTest" name="otpErrorValidation" time="0.0">
    <ignored/>
  </testcase> <!-- otpErrorValidation -->
  <testcase classname="org.ecocrewFramework.NewUserLoginIncompleteProfileTest" name="loginInCompleteProfile" time="0.0">
    <ignored/>
  </testcase> <!-- loginInCompleteProfile -->
  <testcase classname="org.ecocrewFramework.EditAddressTest" name="EditAddressHome" time="0.0">
    <ignored/>
  </testcase> <!-- EditAddressHome -->
  <testcase classname="org.ecocrewFramework.RaiseContributionErrorValidationTest" name="raiseContributionDateError" time="0.0">
    <ignored/>
  </testcase> <!-- raiseContributionDateError -->
  <testcase classname="org.ecocrewFramework.DiscardProfileTest" name="discardProfile" time="0.0">
    <ignored/>
  </testcase> <!-- discardProfile -->
  <testcase classname="org.ecocrewFramework.ExistingUserTest" name="login" time="0.0">
    <ignored/>
  </testcase> <!-- login -->
</testsuite> <!-- Test -->
