<?xml version="1.0" encoding="UTF-8"?>
<testng-results ignored="0" total="1" passed="1" failed="0" skipped="0">
  <reporter-output>
  </reporter-output>
  <suite started-at="2023-07-25T12:17:22 IST" name="Default suite" finished-at="2023-07-25T12:19:30 IST" duration-ms="127581">
    <groups>
    </groups>
    <test started-at="2023-07-25T12:17:22 IST" name="Default test" finished-at="2023-07-25T12:19:30 IST" duration-ms="127581">
      <class name="org.ecocrewFramework.B2BOrderRecurringTest">
        <test-method is-config="true" signature="configureAppium()[pri:0, instance:org.ecocrewFramework.B2BOrderRecurringTest@54bff557]" started-at="2023-07-25T12:17:22 IST" name="configureAppium" finished-at="2023-07-25T12:17:36 IST" duration-ms="14247" status="PASS">
          <reporter-output>
          </reporter-output>
        </test-method> <!-- configureAppium -->
        <test-method signature="b2bRecurringOrder(java.lang.String, java.lang.String)[pri:0, instance:org.ecocrewFramework.B2BOrderRecurringTest@54bff557]" started-at="2023-07-25T12:17:37 IST" name="b2bRecurringOrder" data-provider="getData" finished-at="2023-07-25T12:19:29 IST" duration-ms="112458" status="PASS">
          <params>
            <param index="0">
              <value>
                <![CDATA[7142425093]]>
              </value>
            </param>
            <param index="1">
              <value>
                <![CDATA[1234]]>
              </value>
            </param>
          </params>
          <reporter-output>
          </reporter-output>
        </test-method> <!-- b2bRecurringOrder -->
        <test-method is-config="true" signature="tearDown()[pri:0, instance:org.ecocrewFramework.B2BOrderRecurringTest@54bff557]" started-at="2023-07-25T12:19:29 IST" name="tearDown" finished-at="2023-07-25T12:19:30 IST" duration-ms="807" status="PASS">
          <reporter-output>
          </reporter-output>
        </test-method> <!-- tearDown -->
      </class> <!-- org.ecocrewFramework.B2BOrderRecurringTest -->
    </test> <!-- Default test -->
  </suite> <!-- Default suite -->
</testng-results>
