<?xml version="1.0" encoding="UTF-8"?>
<testng-results ignored="0" total="1" passed="1" failed="0" skipped="0">
  <reporter-output>
  </reporter-output>
  <suite started-at="2023-07-26T17:21:28 IST" name="Default suite" finished-at="2023-07-26T17:23:39 IST" duration-ms="130344">
    <groups>
    </groups>
    <test started-at="2023-07-26T17:21:28 IST" name="Default test" finished-at="2023-07-26T17:23:39 IST" duration-ms="130344">
      <class name="org.ecocrewFramework.B2BOrderRecurringTest">
        <test-method is-config="true" signature="configureAppium()[pri:0, instance:org.ecocrewFramework.B2BOrderRecurringTest@54bff557]" started-at="2023-07-26T17:21:28 IST" name="configureAppium" finished-at="2023-07-26T17:21:41 IST" duration-ms="12760" status="PASS">
          <reporter-output>
          </reporter-output>
        </test-method> <!-- configureAppium -->
        <test-method signature="b2bRecurringOrder(java.lang.String, java.lang.String, java.lang.String, java.lang.String)[pri:0, instance:org.ecocrewFramework.B2BOrderRecurringTest@54bff557]" started-at="2023-07-26T17:21:41 IST" name="b2bRecurringOrder" data-provider="getData" finished-at="2023-07-26T17:23:38 IST" duration-ms="116956" status="PASS">
          <params>
            <param index="0">
              <value>
                <![CDATA[7142425093]]>
              </value>
            </param>
            <param index="1">
              <value>
                <![CDATA[1234]]>
              </value>
            </param>
            <param index="2">
              <value>
                <![CDATA[Everyday]]>
              </value>
            </param>
            <param index="3">
              <value>
                <![CDATA[Google Pay]]>
              </value>
            </param>
          </params>
          <reporter-output>
          </reporter-output>
        </test-method> <!-- b2bRecurringOrder -->
        <test-method is-config="true" signature="tearDown()[pri:0, instance:org.ecocrewFramework.B2BOrderRecurringTest@54bff557]" started-at="2023-07-26T17:23:38 IST" name="tearDown" finished-at="2023-07-26T17:23:39 IST" duration-ms="572" status="PASS">
          <reporter-output>
          </reporter-output>
        </test-method> <!-- tearDown -->
      </class> <!-- org.ecocrewFramework.B2BOrderRecurringTest -->
    </test> <!-- Default test -->
  </suite> <!-- Default suite -->
</testng-results>
